This file contains any messages produced by compilers while
running configure, to aid debugging if configure makes a mistake.

It was created by SCEADAN configure 1.2.1, which was
generated by GNU Autoconf 2.68.  Invocation command line was

  $ ./configure 

## --------- ##
## Platform. ##
## --------- ##

hostname = Beebe1
uname -m = x86_64
uname -r = 3.5.0-40-generic
uname -s = Linux
uname -v = #62~precise1-Ubuntu SMP Fri Aug 23 17:38:26 UTC 2013

/usr/bin/uname -p = unknown
/bin/uname -X     = unknown

/bin/arch              = unknown
/usr/bin/arch -k       = unknown
/usr/convex/getsysinfo = unknown
/usr/bin/hostinfo      = unknown
/bin/machine           = unknown
/usr/bin/oslevel       = unknown
/bin/universe          = unknown

PATH: /usr/lib/lightdm/lightdm
PATH: /usr/local/sbin
PATH: /usr/local/bin
PATH: /usr/sbin
PATH: /usr/bin
PATH: /sbin
PATH: /bin
PATH: /usr/games
PATH: /bin


## ----------- ##
## Core tests. ##
## ----------- ##

configure:2225: checking for a BSD-compatible install
configure:2293: result: /usr/bin/install -c
configure:2304: checking whether build environment is sane
configure:2354: result: yes
configure:2495: checking for a thread-safe mkdir -p
configure:2534: result: /bin/mkdir -p
configure:2547: checking for gawk
configure:2577: result: no
configure:2547: checking for mawk
configure:2563: found /usr/bin/mawk
configure:2574: result: mawk
configure:2585: checking whether make sets $(MAKE)
configure:2607: result: yes
configure:2688: checking whether to enable maintainer-specific portions of Makefiles
configure:2697: result: no
configure:2762: checking for gcc
configure:2778: found /usr/bin/gcc
configure:2789: result: gcc
configure:3018: checking for C compiler version
configure:3027: gcc --version >&5
gcc (Ubuntu/Linaro 4.6.3-1ubuntu5) 4.6.3
Copyright (C) 2011 Free Software Foundation, Inc.
This is free software; see the source for copying conditions.  There is NO
warranty; not even for MERCHANTABILITY or FITNESS FOR A PARTICULAR PURPOSE.

configure:3038: $? = 0
configure:3027: gcc -v >&5
Using built-in specs.
COLLECT_GCC=gcc
COLLECT_LTO_WRAPPER=/usr/lib/gcc/x86_64-linux-gnu/4.6/lto-wrapper
Target: x86_64-linux-gnu
Configured with: ../src/configure -v --with-pkgversion='Ubuntu/Linaro 4.6.3-1ubuntu5' --with-bugurl=file:///usr/share/doc/gcc-4.6/README.Bugs --enable-languages=c,c++,fortran,objc,obj-c++ --prefix=/usr --program-suffix=-4.6 --enable-shared --enable-linker-build-id --with-system-zlib --libexecdir=/usr/lib --without-included-gettext --enable-threads=posix --with-gxx-include-dir=/usr/include/c++/4.6 --libdir=/usr/lib --enable-nls --with-sysroot=/ --enable-clocale=gnu --enable-libstdcxx-debug --enable-libstdcxx-time=yes --enable-gnu-unique-object --enable-plugin --enable-objc-gc --disable-werror --with-arch-32=i686 --with-tune=generic --enable-checking=release --build=x86_64-linux-gnu --host=x86_64-linux-gnu --target=x86_64-linux-gnu
Thread model: posix
gcc version 4.6.3 (Ubuntu/Linaro 4.6.3-1ubuntu5) 
configure:3038: $? = 0
configure:3027: gcc -V >&5
gcc: error: unrecognized option '-V'
gcc: fatal error: no input files
compilation terminated.
configure:3038: $? = 4
configure:3027: gcc -qversion >&5
gcc: error: unrecognized option '-qversion'
gcc: fatal error: no input files
compilation terminated.
configure:3038: $? = 4
configure:3058: checking whether the C compiler works
configure:3080: gcc    conftest.c  >&5
configure:3084: $? = 0
configure:3132: result: yes
configure:3135: checking for C compiler default output file name
configure:3137: result: a.out
configure:3143: checking for suffix of executables
configure:3150: gcc -o conftest    conftest.c  >&5
configure:3154: $? = 0
configure:3176: result: 
configure:3198: checking whether we are cross compiling
configure:3206: gcc -o conftest    conftest.c  >&5
configure:3210: $? = 0
configure:3217: ./conftest
configure:3221: $? = 0
configure:3236: result: no
configure:3241: checking for suffix of object files
configure:3263: gcc -c   conftest.c >&5
configure:3267: $? = 0
configure:3288: result: o
configure:3292: checking whether we are using the GNU C compiler
configure:3311: gcc -c   conftest.c >&5
configure:3311: $? = 0
configure:3320: result: yes
configure:3329: checking whether gcc accepts -g
configure:3349: gcc -c -g  conftest.c >&5
configure:3349: $? = 0
configure:3390: result: yes
configure:3407: checking for gcc option to accept ISO C89
configure:3471: gcc  -c -g -O2  conftest.c >&5
configure:3471: $? = 0
configure:3484: result: none needed
configure:3515: checking for style of include used by make
configure:3543: result: GNU
configure:3569: checking dependency style of gcc
configure:3680: result: gcc3
configure:3753: checking for g++
configure:3769: found /usr/bin/g++
configure:3780: result: g++
configure:3807: checking for C++ compiler version
configure:3816: g++ --version >&5
g++ (Ubuntu/Linaro 4.6.3-1ubuntu5) 4.6.3
Copyright (C) 2011 Free Software Foundation, Inc.
This is free software; see the source for copying conditions.  There is NO
warranty; not even for MERCHANTABILITY or FITNESS FOR A PARTICULAR PURPOSE.

configure:3827: $? = 0
configure:3816: g++ -v >&5
Using built-in specs.
COLLECT_GCC=g++
COLLECT_LTO_WRAPPER=/usr/lib/gcc/x86_64-linux-gnu/4.6/lto-wrapper
Target: x86_64-linux-gnu
Configured with: ../src/configure -v --with-pkgversion='Ubuntu/Linaro 4.6.3-1ubuntu5' --with-bugurl=file:///usr/share/doc/gcc-4.6/README.Bugs --enable-languages=c,c++,fortran,objc,obj-c++ --prefix=/usr --program-suffix=-4.6 --enable-shared --enable-linker-build-id --with-system-zlib --libexecdir=/usr/lib --without-included-gettext --enable-threads=posix --with-gxx-include-dir=/usr/include/c++/4.6 --libdir=/usr/lib --enable-nls --with-sysroot=/ --enable-clocale=gnu --enable-libstdcxx-debug --enable-libstdcxx-time=yes --enable-gnu-unique-object --enable-plugin --enable-objc-gc --disable-werror --with-arch-32=i686 --with-tune=generic --enable-checking=release --build=x86_64-linux-gnu --host=x86_64-linux-gnu --target=x86_64-linux-gnu
Thread model: posix
gcc version 4.6.3 (Ubuntu/Linaro 4.6.3-1ubuntu5) 
configure:3827: $? = 0
configure:3816: g++ -V >&5
g++: error: unrecognized option '-V'
g++: fatal error: no input files
compilation terminated.
configure:3827: $? = 4
configure:3816: g++ -qversion >&5
g++: error: unrecognized option '-qversion'
g++: fatal error: no input files
compilation terminated.
configure:3827: $? = 4
configure:3831: checking whether we are using the GNU C++ compiler
configure:3850: g++ -c   conftest.cpp >&5
configure:3850: $? = 0
configure:3859: result: yes
configure:3868: checking whether g++ accepts -g
configure:3888: g++ -c -g  conftest.cpp >&5
configure:3888: $? = 0
configure:3929: result: yes
configure:3954: checking dependency style of g++
configure:4065: result: gcc3
configure:4086: Including sceadan_configure.m4
configure:4094: checking how to run the C preprocessor
configure:4125: gcc -E  conftest.c
configure:4125: $? = 0
configure:4139: gcc -E  conftest.c
conftest.c:11:28: fatal error: ac_nonexistent.h: No such file or directory
compilation terminated.
configure:4139: $? = 1
configure: failed program was:
| /* confdefs.h */
| #define PACKAGE_NAME "SCEADAN"
| #define PACKAGE_TARNAME "sceadan"
| #define PACKAGE_VERSION "1.2.1"
| #define PACKAGE_STRING "SCEADAN 1.2.1"
| #define PACKAGE_BUGREPORT "bugs@afflib.org"
| #define PACKAGE_URL ""
| #define PACKAGE "sceadan"
| #define VERSION "1.2.1"
| /* end confdefs.h.  */
| #include <ac_nonexistent.h>
configure:4164: result: gcc -E
configure:4184: gcc -E  conftest.c
configure:4184: $? = 0
configure:4198: gcc -E  conftest.c
conftest.c:11:28: fatal error: ac_nonexistent.h: No such file or directory
compilation terminated.
configure:4198: $? = 1
configure: failed program was:
| /* confdefs.h */
| #define PACKAGE_NAME "SCEADAN"
| #define PACKAGE_TARNAME "sceadan"
| #define PACKAGE_VERSION "1.2.1"
| #define PACKAGE_STRING "SCEADAN 1.2.1"
| #define PACKAGE_BUGREPORT "bugs@afflib.org"
| #define PACKAGE_URL ""
| #define PACKAGE "sceadan"
| #define VERSION "1.2.1"
| /* end confdefs.h.  */
| #include <ac_nonexistent.h>
configure:4227: checking for grep that handles long lines and -e
configure:4285: result: /bin/grep
configure:4290: checking for egrep
configure:4352: result: /bin/grep -E
configure:4357: checking for ANSI C header files
configure:4377: gcc -c -g -O2  conftest.c >&5
configure:4377: $? = 0
configure:4450: gcc -o conftest -g -O2   conftest.c  >&5
configure:4450: $? = 0
configure:4450: ./conftest
configure:4450: $? = 0
configure:4461: result: yes
configure:4474: checking for sys/types.h
configure:4474: gcc -c -g -O2  conftest.c >&5
configure:4474: $? = 0
configure:4474: result: yes
configure:4474: checking for sys/stat.h
configure:4474: gcc -c -g -O2  conftest.c >&5
configure:4474: $? = 0
configure:4474: result: yes
configure:4474: checking for stdlib.h
configure:4474: gcc -c -g -O2  conftest.c >&5
configure:4474: $? = 0
configure:4474: result: yes
configure:4474: checking for string.h
configure:4474: gcc -c -g -O2  conftest.c >&5
configure:4474: $? = 0
configure:4474: result: yes
configure:4474: checking for memory.h
configure:4474: gcc -c -g -O2  conftest.c >&5
configure:4474: $? = 0
configure:4474: result: yes
configure:4474: checking for strings.h
configure:4474: gcc -c -g -O2  conftest.c >&5
configure:4474: $? = 0
configure:4474: result: yes
configure:4474: checking for inttypes.h
configure:4474: gcc -c -g -O2  conftest.c >&5
configure:4474: $? = 0
configure:4474: result: yes
configure:4474: checking for stdint.h
configure:4474: gcc -c -g -O2  conftest.c >&5
configure:4474: $? = 0
configure:4474: result: yes
configure:4474: checking for unistd.h
configure:4474: gcc -c -g -O2  conftest.c >&5
configure:4474: $? = 0
configure:4474: result: yes
configure:4488: checking for unistd.h
configure:4488: result: yes
configure:4500: checking for vasprintf
configure:4500: gcc -o conftest -g -O2   conftest.c  >&5
configure:4500: $? = 0
configure:4500: result: yes
configure:4518: checking bzlib.h usability
configure:4518: gcc -c -g -O2  conftest.c >&5
configure:4518: $? = 0
configure:4518: result: yes
configure:4518: checking bzlib.h presence
configure:4518: gcc -E  conftest.c
configure:4518: $? = 0
configure:4518: result: yes
configure:4518: checking for bzlib.h
configure:4518: result: yes
configure:4530: checking for BZ2_bzCompressInit in -lbz2
configure:4555: gcc -o conftest -g -O2   conftest.c -lbz2   >&5
configure:4555: $? = 0
configure:4564: result: yes
configure:4580: checking for BZ2_bzCompressInit
configure:4580: gcc -o conftest -g -O2   conftest.c -lbz2  >&5
configure:4580: $? = 0
configure:4580: result: yes
configure:4580: checking for BZ2_bzCompress
configure:4580: gcc -o conftest -g -O2   conftest.c -lbz2  >&5
configure:4580: $? = 0
configure:4580: result: yes
configure:4580: checking for BZ2_bzCompressEnd
configure:4580: gcc -o conftest -g -O2   conftest.c -lbz2  >&5
configure:4580: $? = 0
configure:4580: result: yes
configure:4596: checking linear.h usability
configure:4596: gcc -c -g -O2  conftest.c >&5
configure:4596: $? = 0
configure:4596: result: yes
configure:4596: checking linear.h presence
configure:4596: gcc -E  conftest.c
configure:4596: $? = 0
configure:4596: result: yes
configure:4596: checking for linear.h
configure:4596: result: yes
configure:4608: checking for load_model in -llinear
configure:4633: gcc -o conftest -g -O2   conftest.c -llinear  -lbz2  >&5
configure:4633: $? = 0
configure:4642: result: yes
configure:4658: checking for load_model
configure:4658: gcc -o conftest -g -O2   conftest.c -llinear -lbz2  >&5
configure:4658: $? = 0
configure:4658: result: yes
configure:4658: checking for check_probability_model
configure:4658: gcc -o conftest -g -O2   conftest.c -llinear -lbz2  >&5
configure:4658: $? = 0
configure:4658: result: yes
configure:4658: checking for predict_probability
configure:4658: gcc -o conftest -g -O2   conftest.c -llinear -lbz2  >&5
configure:4658: $? = 0
configure:4658: result: yes
configure:4658: checking for predict
configure:4658: gcc -o conftest -g -O2   conftest.c -llinear -lbz2  >&5
configure:4658: $? = 0
configure:4658: result: yes
configure:4674: checking math.h usability
configure:4674: gcc -c -g -O2  conftest.c >&5
configure:4674: $? = 0
configure:4674: result: yes
configure:4674: checking math.h presence
configure:4674: gcc -E  conftest.c
configure:4674: $? = 0
configure:4674: result: yes
configure:4674: checking for math.h
configure:4674: result: yes
configure:4686: checking for fmax in -lm
configure:4711: gcc -o conftest -g -O2   conftest.c -lm  -llinear -lbz2  >&5
conftest.c:42:6: warning: conflicting types for built-in function 'fmax' [enabled by default]
configure:4711: $? = 0
configure:4720: result: yes
configure:4736: checking for fmin
configure:4736: gcc -o conftest -g -O2   conftest.c -lm -llinear -lbz2  >&5
conftest.c:59:6: warning: conflicting types for built-in function 'fmin' [enabled by default]
configure:4736: $? = 0
configure:4736: result: yes
configure:4736: checking for fmax
configure:4736: gcc -o conftest -g -O2   conftest.c -lm -llinear -lbz2  >&5
conftest.c:60:6: warning: conflicting types for built-in function 'fmax' [enabled by default]
configure:4736: $? = 0
configure:4736: result: yes
configure:4736: checking for log
configure:4736: gcc -o conftest -g -O2   conftest.c -lm -llinear -lbz2  >&5
conftest.c:61:6: warning: conflicting types for built-in function 'log' [enabled by default]
configure:4736: $? = 0
configure:4736: result: yes
configure:4736: checking for exp
configure:4736: gcc -o conftest -g -O2   conftest.c -lm -llinear -lbz2  >&5
conftest.c:62:6: warning: conflicting types for built-in function 'exp' [enabled by default]
configure:4736: $? = 0
configure:4736: result: yes
configure:4736: checking for fabs
configure:4736: gcc -o conftest -g -O2   conftest.c -lm -llinear -lbz2  >&5
conftest.c:63:6: warning: conflicting types for built-in function 'fabs' [enabled by default]
configure:4736: $? = 0
configure:4736: result: yes
configure:4736: checking for sqrt
configure:4736: gcc -o conftest -g -O2   conftest.c -lm -llinear -lbz2  >&5
conftest.c:64:6: warning: conflicting types for built-in function 'sqrt' [enabled by default]
configure:4736: $? = 0
configure:4736: result: yes
configure:4752: checking zlib.h usability
configure:4752: gcc -c -g -O2  conftest.c >&5
configure:4752: $? = 0
configure:4752: result: yes
configure:4752: checking zlib.h presence
configure:4752: gcc -E  conftest.c
configure:4752: $? = 0
configure:4752: result: yes
configure:4752: checking for zlib.h
configure:4752: result: yes
configure:4764: checking for deflate in -lz
configure:4789: gcc -o conftest -g -O2   conftest.c -lz  -lm -llinear -lbz2  >&5
configure:4789: $? = 0
configure:4798: result: yes
configure:4821: checking assert.h usability
configure:4821: gcc -c -g -O2  conftest.c >&5
configure:4821: $? = 0
configure:4821: result: yes
configure:4821: checking assert.h presence
configure:4821: gcc -E  conftest.c
configure:4821: $? = 0
configure:4821: result: yes
configure:4821: checking for assert.h
configure:4821: result: yes
configure:4835: checking ftw.h usability
configure:4835: gcc -c -g -O2  conftest.c >&5
configure:4835: $? = 0
configure:4835: result: yes
configure:4835: checking ftw.h presence
configure:4835: gcc -E  conftest.c
configure:4835: $? = 0
configure:4835: result: yes
configure:4835: checking for ftw.h
configure:4835: result: yes
configure:4849: checking stdbool.h usability
configure:4849: gcc -c -g -O2  conftest.c >&5
configure:4849: $? = 0
configure:4849: result: yes
configure:4849: checking stdbool.h presence
configure:4849: gcc -E  conftest.c
configure:4849: $? = 0
configure:4849: result: yes
configure:4849: checking for stdbool.h
configure:4849: result: yes
configure:4863: checking stdio.h usability
configure:4863: gcc -c -g -O2  conftest.c >&5
configure:4863: $? = 0
configure:4863: result: yes
configure:4863: checking stdio.h presence
configure:4863: gcc -E  conftest.c
configure:4863: $? = 0
configure:4863: result: yes
configure:4863: checking for stdio.h
configure:4863: result: yes
configure:4877: checking errno.h usability
configure:4877: gcc -c -g -O2  conftest.c >&5
configure:4877: $? = 0
configure:4877: result: yes
configure:4877: checking errno.h presence
configure:4877: gcc -E  conftest.c
configure:4877: $? = 0
configure:4877: result: yes
configure:4877: checking for errno.h
configure:4877: result: yes
configure:4891: checking ctype.h usability
configure:4891: gcc -c -g -O2  conftest.c >&5
configure:4891: $? = 0
configure:4891: result: yes
configure:4891: checking ctype.h presence
configure:4891: gcc -E  conftest.c
configure:4891: $? = 0
configure:4891: result: yes
configure:4891: checking for ctype.h
configure:4891: result: yes
configure:4905: checking for stdlib.h
configure:4905: result: yes
configure:4919: checking for string.h
configure:4919: result: yes
configure:4933: checking getopt.h usability
configure:4933: gcc -c -g -O2  conftest.c >&5
configure:4933: $? = 0
configure:4933: result: yes
configure:4933: checking getopt.h presence
configure:4933: gcc -E  conftest.c
configure:4933: $? = 0
configure:4933: result: yes
configure:4933: checking for getopt.h
configure:4933: result: yes
configure:4947: checking limits.h usability
configure:4947: gcc -c -g -O2  conftest.c >&5
configure:4947: $? = 0
configure:4947: result: yes
configure:4947: checking limits.h presence
configure:4947: gcc -E  conftest.c
configure:4947: $? = 0
configure:4947: result: yes
configure:4947: checking for limits.h
configure:4947: result: yes
configure:4961: checking time.h usability
configure:4961: gcc -c -g -O2  conftest.c >&5
configure:4961: $? = 0
configure:4961: result: yes
configure:4961: checking time.h presence
configure:4961: gcc -E  conftest.c
configure:4961: $? = 0
configure:4961: result: yes
configure:4961: checking for time.h
configure:4961: result: yes
configure:4975: checking fcntl.h usability
configure:4975: gcc -c -g -O2  conftest.c >&5
configure:4975: $? = 0
configure:4975: result: yes
configure:4975: checking fcntl.h presence
configure:4975: gcc -E  conftest.c
configure:4975: $? = 0
configure:4975: result: yes
configure:4975: checking for fcntl.h
configure:4975: result: yes
configure:4989: checking sys/select.h usability
configure:4989: gcc -c -g -O2  conftest.c >&5
configure:4989: $? = 0
configure:4989: result: yes
configure:4989: checking sys/select.h presence
configure:4989: gcc -E  conftest.c
configure:4989: $? = 0
configure:4989: result: yes
configure:4989: checking for sys/select.h
configure:4989: result: yes
configure:5003: checking sys/time.h usability
configure:5003: gcc -c -g -O2  conftest.c >&5
configure:5003: $? = 0
configure:5003: result: yes
configure:5003: checking sys/time.h presence
configure:5003: gcc -E  conftest.c
configure:5003: $? = 0
configure:5003: result: yes
configure:5003: checking for sys/time.h
configure:5003: result: yes
configure:5017: checking sys/wait.h usability
configure:5017: gcc -c -g -O2  conftest.c >&5
configure:5017: $? = 0
configure:5017: result: yes
configure:5017: checking sys/wait.h presence
configure:5017: gcc -E  conftest.c
configure:5017: $? = 0
configure:5017: result: yes
configure:5017: checking for sys/wait.h
configure:5017: result: yes
configure:5064: checking whether gcc understands -MD
configure:5077: gcc -c -g -O2 -MD  conftest.c >&5
configure:5077: $? = 0
configure:5083: result: yes
configure:5064: checking whether gcc understands -D_FORTIFY_SOURCE=2
configure:5077: gcc -c -g -O2 -MD -D_FORTIFY_SOURCE=2  conftest.c >&5
configure:5077: $? = 0
configure:5083: result: yes
configure:5064: checking whether gcc understands -Wpointer-arith
configure:5077: gcc -c -g -O2 -MD -D_FORTIFY_SOURCE=2 -Wpointer-arith  conftest.c >&5
configure:5077: $? = 0
configure:5083: result: yes
configure:5064: checking whether gcc understands -Wmissing-declarations
configure:5077: gcc -c -g -O2 -MD -D_FORTIFY_SOURCE=2 -Wpointer-arith -Wmissing-declarations  conftest.c >&5
configure:5077: $? = 0
configure:5083: result: yes
configure:5064: checking whether gcc understands -Wmissing-prototypes
configure:5077: gcc -c -g -O2 -MD -D_FORTIFY_SOURCE=2 -Wpointer-arith -Wmissing-declarations -Wmissing-prototypes  conftest.c >&5
configure:5077: $? = 0
configure:5083: result: yes
configure:5064: checking whether gcc understands -Wshadow
configure:5077: gcc -c -g -O2 -MD -D_FORTIFY_SOURCE=2 -Wpointer-arith -Wmissing-declarations -Wmissing-prototypes -Wshadow  conftest.c >&5
configure:5077: $? = 0
configure:5083: result: yes
configure:5064: checking whether gcc understands -Wwrite-strings
configure:5077: gcc -c -g -O2 -MD -D_FORTIFY_SOURCE=2 -Wpointer-arith -Wmissing-declarations -Wmissing-prototypes -Wshadow -Wwrite-strings  conftest.c >&5
configure:5077: $? = 0
configure:5083: result: yes
configure:5064: checking whether gcc understands -Wcast-align
configure:5077: gcc -c -g -O2 -MD -D_FORTIFY_SOURCE=2 -Wpointer-arith -Wmissing-declarations -Wmissing-prototypes -Wshadow -Wwrite-strings -Wcast-align  conftest.c >&5
configure:5077: $? = 0
configure:5083: result: yes
configure:5064: checking whether gcc understands -Waggregate-return
configure:5077: gcc -c -g -O2 -MD -D_FORTIFY_SOURCE=2 -Wpointer-arith -Wmissing-declarations -Wmissing-prototypes -Wshadow -Wwrite-strings -Wcast-align -Waggregate-return  conftest.c >&5
configure:5077: $? = 0
configure:5083: result: yes
configure:5064: checking whether gcc understands -Wbad-function-cast
configure:5077: gcc -c -g -O2 -MD -D_FORTIFY_SOURCE=2 -Wpointer-arith -Wmissing-declarations -Wmissing-prototypes -Wshadow -Wwrite-strings -Wcast-align -Waggregate-return -Wbad-function-cast  conftest.c >&5
configure:5077: $? = 0
configure:5083: result: yes
configure:5064: checking whether gcc understands -Wcast-qual
configure:5077: gcc -c -g -O2 -MD -D_FORTIFY_SOURCE=2 -Wpointer-arith -Wmissing-declarations -Wmissing-prototypes -Wshadow -Wwrite-strings -Wcast-align -Waggregate-return -Wbad-function-cast -Wcast-qual  conftest.c >&5
configure:5077: $? = 0
configure:5083: result: yes
configure:5064: checking whether gcc understands -Wundef
configure:5077: gcc -c -g -O2 -MD -D_FORTIFY_SOURCE=2 -Wpointer-arith -Wmissing-declarations -Wmissing-prototypes -Wshadow -Wwrite-strings -Wcast-align -Waggregate-return -Wbad-function-cast -Wcast-qual -Wundef  conftest.c >&5
configure:5077: $? = 0
configure:5083: result: yes
configure:5064: checking whether gcc understands -Wredundant-decls
configure:5077: gcc -c -g -O2 -MD -D_FORTIFY_SOURCE=2 -Wpointer-arith -Wmissing-declarations -Wmissing-prototypes -Wshadow -Wwrite-strings -Wcast-align -Waggregate-return -Wbad-function-cast -Wcast-qual -Wundef -Wredundant-decls  conftest.c >&5
configure:5077: $? = 0
configure:5083: result: yes
configure:5064: checking whether gcc understands -Wdisabled-optimization
configure:5077: gcc -c -g -O2 -MD -D_FORTIFY_SOURCE=2 -Wpointer-arith -Wmissing-declarations -Wmissing-prototypes -Wshadow -Wwrite-strings -Wcast-align -Waggregate-return -Wbad-function-cast -Wcast-qual -Wundef -Wredundant-decls -Wdisabled-optimization  conftest.c >&5
configure:5077: $? = 0
configure:5083: result: yes
configure:5064: checking whether gcc understands -Wfloat-equal
configure:5077: gcc -c -g -O2 -MD -D_FORTIFY_SOURCE=2 -Wpointer-arith -Wmissing-declarations -Wmissing-prototypes -Wshadow -Wwrite-strings -Wcast-align -Waggregate-return -Wbad-function-cast -Wcast-qual -Wundef -Wredundant-decls -Wdisabled-optimization -Wfloat-equal  conftest.c >&5
configure:5077: $? = 0
configure:5083: result: yes
configure:5064: checking whether gcc understands -Wmultichar
configure:5077: gcc -c -g -O2 -MD -D_FORTIFY_SOURCE=2 -Wpointer-arith -Wmissing-declarations -Wmissing-prototypes -Wshadow -Wwrite-strings -Wcast-align -Waggregate-return -Wbad-function-cast -Wcast-qual -Wundef -Wredundant-decls -Wdisabled-optimization -Wfloat-equal -Wmultichar  conftest.c >&5
configure:5077: $? = 0
configure:5083: result: yes
configure:5064: checking whether gcc understands -Wc++-compat
configure:5077: gcc -c -g -O2 -MD -D_FORTIFY_SOURCE=2 -Wpointer-arith -Wmissing-declarations -Wmissing-prototypes -Wshadow -Wwrite-strings -Wcast-align -Waggregate-return -Wbad-function-cast -Wcast-qual -Wundef -Wredundant-decls -Wdisabled-optimization -Wfloat-equal -Wmultichar -Wc++-compat  conftest.c >&5
configure:5077: $? = 0
configure:5083: result: yes
configure:5064: checking whether gcc understands -Wmissing-noreturn
configure:5077: gcc -c -g -O2 -MD -D_FORTIFY_SOURCE=2 -Wpointer-arith -Wmissing-declarations -Wmissing-prototypes -Wshadow -Wwrite-strings -Wcast-align -Waggregate-return -Wbad-function-cast -Wcast-qual -Wundef -Wredundant-decls -Wdisabled-optimization -Wfloat-equal -Wmultichar -Wc++-compat -Wmissing-noreturn  conftest.c >&5
configure:5077: $? = 0
configure:5083: result: yes
configure:5064: checking whether gcc understands -Wall
configure:5077: gcc -c -g -O2 -MD -D_FORTIFY_SOURCE=2 -Wpointer-arith -Wmissing-declarations -Wmissing-prototypes -Wshadow -Wwrite-strings -Wcast-align -Waggregate-return -Wbad-function-cast -Wcast-qual -Wundef -Wredundant-decls -Wdisabled-optimization -Wfloat-equal -Wmultichar -Wc++-compat -Wmissing-noreturn -Wall  conftest.c >&5
configure:5077: $? = 0
configure:5083: result: yes
configure:5064: checking whether gcc understands -Wstrict-prototypes
configure:5077: gcc -c -g -O2 -MD -D_FORTIFY_SOURCE=2 -Wpointer-arith -Wmissing-declarations -Wmissing-prototypes -Wshadow -Wwrite-strings -Wcast-align -Waggregate-return -Wbad-function-cast -Wcast-qual -Wundef -Wredundant-decls -Wdisabled-optimization -Wfloat-equal -Wmultichar -Wc++-compat -Wmissing-noreturn -Wall -Wstrict-prototypes  conftest.c >&5
conftest.c:61:1: warning: function declaration isn't a prototype [-Wstrict-prototypes]
configure:5077: $? = 0
configure:5083: result: yes
configure:5127: checking whether g++ understands -Wall
configure:5141: g++ -c -g -O2 -Wall  conftest.cpp >&5
configure:5141: $? = 0
configure:5147: result: yes
configure:5127: checking whether g++ understands -MD
configure:5141: g++ -c -g -O2 -Wall -MD  conftest.cpp >&5
configure:5141: $? = 0
configure:5147: result: yes
configure:5127: checking whether g++ understands -D_FORTIFY_SOURCE=2
configure:5141: g++ -c -g -O2 -Wall -MD -D_FORTIFY_SOURCE=2  conftest.cpp >&5
configure:5141: $? = 0
configure:5147: result: yes
configure:5127: checking whether g++ understands -Wpointer-arith
configure:5141: g++ -c -g -O2 -Wall -MD -D_FORTIFY_SOURCE=2 -Wpointer-arith  conftest.cpp >&5
configure:5141: $? = 0
configure:5147: result: yes
configure:5127: checking whether g++ understands -Wshadow
configure:5141: g++ -c -g -O2 -Wall -MD -D_FORTIFY_SOURCE=2 -Wpointer-arith -Wshadow  conftest.cpp >&5
configure:5141: $? = 0
configure:5147: result: yes
configure:5127: checking whether g++ understands -Wwrite-strings
configure:5141: g++ -c -g -O2 -Wall -MD -D_FORTIFY_SOURCE=2 -Wpointer-arith -Wshadow -Wwrite-strings  conftest.cpp >&5
configure:5141: $? = 0
configure:5147: result: yes
configure:5127: checking whether g++ understands -Wcast-align
configure:5141: g++ -c -g -O2 -Wall -MD -D_FORTIFY_SOURCE=2 -Wpointer-arith -Wshadow -Wwrite-strings -Wcast-align  conftest.cpp >&5
configure:5141: $? = 0
configure:5147: result: yes
configure:5127: checking whether g++ understands -Wredundant-decls
configure:5141: g++ -c -g -O2 -Wall -MD -D_FORTIFY_SOURCE=2 -Wpointer-arith -Wshadow -Wwrite-strings -Wcast-align -Wredundant-decls  conftest.cpp >&5
configure:5141: $? = 0
configure:5147: result: yes
configure:5127: checking whether g++ understands -Wdisabled-optimization
configure:5141: g++ -c -g -O2 -Wall -MD -D_FORTIFY_SOURCE=2 -Wpointer-arith -Wshadow -Wwrite-strings -Wcast-align -Wredundant-decls -Wdisabled-optimization  conftest.cpp >&5
configure:5141: $? = 0
configure:5147: result: yes
configure:5127: checking whether g++ understands -Wfloat-equal
configure:5141: g++ -c -g -O2 -Wall -MD -D_FORTIFY_SOURCE=2 -Wpointer-arith -Wshadow -Wwrite-strings -Wcast-align -Wredundant-decls -Wdisabled-optimization -Wfloat-equal  conftest.cpp >&5
configure:5141: $? = 0
configure:5147: result: yes
configure:5127: checking whether g++ understands -Wmultichar
configure:5141: g++ -c -g -O2 -Wall -MD -D_FORTIFY_SOURCE=2 -Wpointer-arith -Wshadow -Wwrite-strings -Wcast-align -Wredundant-decls -Wdisabled-optimization -Wfloat-equal -Wmultichar  conftest.cpp >&5
configure:5141: $? = 0
configure:5147: result: yes
configure:5127: checking whether g++ understands -Wmissing-noreturn
configure:5141: g++ -c -g -O2 -Wall -MD -D_FORTIFY_SOURCE=2 -Wpointer-arith -Wshadow -Wwrite-strings -Wcast-align -Wredundant-decls -Wdisabled-optimization -Wfloat-equal -Wmultichar -Wmissing-noreturn  conftest.cpp >&5
configure:5141: $? = 0
configure:5147: result: yes
configure:5127: checking whether g++ understands -Wstrict-null-sentinel
configure:5141: g++ -c -g -O2 -Wall -MD -D_FORTIFY_SOURCE=2 -Wpointer-arith -Wshadow -Wwrite-strings -Wcast-align -Wredundant-decls -Wdisabled-optimization -Wfloat-equal -Wmultichar -Wmissing-noreturn -Wstrict-null-sentinel  conftest.cpp >&5
configure:5141: $? = 0
configure:5147: result: yes
configure:5127: checking whether g++ understands -Woverloaded-virtual
configure:5141: g++ -c -g -O2 -Wall -MD -D_FORTIFY_SOURCE=2 -Wpointer-arith -Wshadow -Wwrite-strings -Wcast-align -Wredundant-decls -Wdisabled-optimization -Wfloat-equal -Wmultichar -Wmissing-noreturn -Wstrict-null-sentinel -Woverloaded-virtual  conftest.cpp >&5
configure:5141: $? = 0
configure:5147: result: yes
configure:5127: checking whether g++ understands -Wsign-promo
configure:5141: g++ -c -g -O2 -Wall -MD -D_FORTIFY_SOURCE=2 -Wpointer-arith -Wshadow -Wwrite-strings -Wcast-align -Wredundant-decls -Wdisabled-optimization -Wfloat-equal -Wmultichar -Wmissing-noreturn -Wstrict-null-sentinel -Woverloaded-virtual -Wsign-promo  conftest.cpp >&5
configure:5141: $? = 0
configure:5147: result: yes
configure:5127: checking whether g++ understands -funit-at-a-time
configure:5141: g++ -c -g -O2 -Wall -MD -D_FORTIFY_SOURCE=2 -Wpointer-arith -Wshadow -Wwrite-strings -Wcast-align -Wredundant-decls -Wdisabled-optimization -Wfloat-equal -Wmultichar -Wmissing-noreturn -Wstrict-null-sentinel -Woverloaded-virtual -Wsign-promo -funit-at-a-time  conftest.cpp >&5
configure:5141: $? = 0
configure:5147: result: yes
configure:5127: checking whether g++ understands -Weffc++
configure:5141: g++ -c -g -O2 -Wall -MD -D_FORTIFY_SOURCE=2 -Wpointer-arith -Wshadow -Wwrite-strings -Wcast-align -Wredundant-decls -Wdisabled-optimization -Wfloat-equal -Wmultichar -Wmissing-noreturn -Wstrict-null-sentinel -Woverloaded-virtual -Wsign-promo -funit-at-a-time -Weffc++  conftest.cpp >&5
configure:5141: $? = 0
configure:5147: result: yes
configure:5166: checking for ANSI C header files
configure:5270: result: yes
configure:5280: checking for string.h
configure:5280: result: yes
configure:5447: creating ./config.status

## ---------------------- ##
## Running config.status. ##
## ---------------------- ##

This file was extended by SCEADAN config.status 1.2.1, which was
generated by GNU Autoconf 2.68.  Invocation command line was

  CONFIG_FILES    = 
  CONFIG_HEADERS  = 
  CONFIG_LINKS    = 
  CONFIG_COMMANDS = 
  $ ./config.status 

on Beebe1

config.status:912: creating Makefile
config.status:912: creating config.h
config.status:1093: config.h is unchanged
config.status:1141: executing depfiles commands

## ---------------- ##
## Cache variables. ##
## ---------------- ##

ac_cv_c_compiler_gnu=yes
ac_cv_cxx_compiler_gnu=yes
ac_cv_env_CCC_set=
ac_cv_env_CCC_value=
ac_cv_env_CC_set=
ac_cv_env_CC_value=
ac_cv_env_CFLAGS_set=
ac_cv_env_CFLAGS_value=
ac_cv_env_CPPFLAGS_set=
ac_cv_env_CPPFLAGS_value=
ac_cv_env_CPP_set=
ac_cv_env_CPP_value=
ac_cv_env_CXXFLAGS_set=
ac_cv_env_CXXFLAGS_value=
ac_cv_env_CXX_set=
ac_cv_env_CXX_value=
ac_cv_env_LDFLAGS_set=
ac_cv_env_LDFLAGS_value=
ac_cv_env_LIBS_set=
ac_cv_env_LIBS_value=
ac_cv_env_build_alias_set=
ac_cv_env_build_alias_value=
ac_cv_env_host_alias_set=
ac_cv_env_host_alias_value=
ac_cv_env_target_alias_set=
ac_cv_env_target_alias_value=
ac_cv_func_BZ2_bzCompress=yes
ac_cv_func_BZ2_bzCompressEnd=yes
ac_cv_func_BZ2_bzCompressInit=yes
ac_cv_func_check_probability_model=yes
ac_cv_func_exp=yes
ac_cv_func_fabs=yes
ac_cv_func_fmax=yes
ac_cv_func_fmin=yes
ac_cv_func_load_model=yes
ac_cv_func_log=yes
ac_cv_func_predict=yes
ac_cv_func_predict_probability=yes
ac_cv_func_sqrt=yes
ac_cv_func_vasprintf=yes
ac_cv_header_assert_h=yes
ac_cv_header_bzlib_h=yes
ac_cv_header_ctype_h=yes
ac_cv_header_errno_h=yes
ac_cv_header_fcntl_h=yes
ac_cv_header_ftw_h=yes
ac_cv_header_getopt_h=yes
ac_cv_header_inttypes_h=yes
ac_cv_header_limits_h=yes
ac_cv_header_linear_h=yes
ac_cv_header_math_h=yes
ac_cv_header_memory_h=yes
ac_cv_header_stdbool_h=yes
ac_cv_header_stdc=yes
ac_cv_header_stdint_h=yes
ac_cv_header_stdio_h=yes
ac_cv_header_stdlib_h=yes
ac_cv_header_string_h=yes
ac_cv_header_strings_h=yes
ac_cv_header_sys_select_h=yes
ac_cv_header_sys_stat_h=yes
ac_cv_header_sys_time_h=yes
ac_cv_header_sys_types_h=yes
ac_cv_header_sys_wait_h=yes
ac_cv_header_time_h=yes
ac_cv_header_unistd_h=yes
ac_cv_header_zlib_h=yes
ac_cv_lib_bz2_BZ2_bzCompressInit=yes
ac_cv_lib_linear_load_model=yes
ac_cv_lib_m_fmax=yes
ac_cv_lib_z_deflate=yes
ac_cv_objext=o
ac_cv_path_EGREP='/bin/grep -E'
ac_cv_path_GREP=/bin/grep
ac_cv_path_install='/usr/bin/install -c'
ac_cv_path_mkdir=/bin/mkdir
ac_cv_prog_AWK=mawk
ac_cv_prog_CPP='gcc -E'
ac_cv_prog_ac_ct_CC=gcc
ac_cv_prog_ac_ct_CXX=g++
ac_cv_prog_cc_c89=
ac_cv_prog_cc_g=yes
ac_cv_prog_cxx_g=yes
ac_cv_prog_make_make_set=yes
am_cv_CC_dependencies_compiler_type=gcc3
am_cv_CXX_dependencies_compiler_type=gcc3

## ----------------- ##
## Output variables. ##
## ----------------- ##

ACLOCAL='${SHELL} /home/lishu/sceadan/sceadan_v2+auto/src/missing --run aclocal-1.11'
AMDEPBACKSLASH='\'
AMDEP_FALSE='#'
AMDEP_TRUE=''
AMTAR='$${TAR-tar}'
AUTOCONF='${SHELL} /home/lishu/sceadan/sceadan_v2+auto/src/missing --run autoconf'
AUTOHEADER='${SHELL} /home/lishu/sceadan/sceadan_v2+auto/src/missing --run autoheader'
AUTOMAKE='${SHELL} /home/lishu/sceadan/sceadan_v2+auto/src/missing --run automake-1.11'
AWK='mawk'
CC='gcc'
CCDEPMODE='depmode=gcc3'
CFLAGS='-g -O2 -MD -D_FORTIFY_SOURCE=2 -Wpointer-arith -Wmissing-declarations -Wmissing-prototypes -Wshadow -Wwrite-strings -Wcast-align -Waggregate-return -Wbad-function-cast -Wcast-qual -Wundef -Wredundant-decls -Wdisabled-optimization -Wfloat-equal -Wmultichar -Wc++-compat -Wmissing-noreturn -Wall -Wstrict-prototypes'
CPP='gcc -E'
CPPFLAGS=''
CXX='g++'
CXXDEPMODE='depmode=gcc3'
CXXFLAGS='-g -O2 -Wall -MD -D_FORTIFY_SOURCE=2 -Wpointer-arith -Wshadow -Wwrite-strings -Wcast-align -Wredundant-decls -Wdisabled-optimization -Wfloat-equal -Wmultichar -Wmissing-noreturn -Wstrict-null-sentinel -Woverloaded-virtual -Wsign-promo -funit-at-a-time -Weffc++'
CYGPATH_W='echo'
DEFS='-DHAVE_CONFIG_H'
DEPDIR='.deps'
ECHO_C=''
ECHO_N='-n'
ECHO_T=''
EGREP='/bin/grep -E'
EXEEXT=''
GREP='/bin/grep'
INSTALL_DATA='${INSTALL} -m 644'
INSTALL_PROGRAM='${INSTALL}'
INSTALL_SCRIPT='${INSTALL}'
INSTALL_STRIP_PROGRAM='$(install_sh) -c -s'
LDFLAGS=''
LIBOBJS=''
LIBS='-lz -lm -llinear -lbz2 '
LTLIBOBJS=''
MAINT='#'
MAINTAINER_MODE_FALSE=''
MAINTAINER_MODE_TRUE='#'
MAKEINFO='${SHELL} /home/lishu/sceadan/sceadan_v2+auto/src/missing --run makeinfo'
MKDIR_P='/bin/mkdir -p'
OBJEXT='o'
PACKAGE='sceadan'
PACKAGE_BUGREPORT='bugs@afflib.org'
PACKAGE_NAME='SCEADAN'
PACKAGE_STRING='SCEADAN 1.2.1'
PACKAGE_TARNAME='sceadan'
PACKAGE_URL=''
PACKAGE_VERSION='1.2.1'
PATH_SEPARATOR=':'
SET_MAKE=''
SHELL='/bin/bash'
STRIP=''
VERSION='1.2.1'
ac_ct_CC='gcc'
ac_ct_CXX='g++'
am__EXEEXT_FALSE=''
am__EXEEXT_TRUE='#'
am__fastdepCC_FALSE='#'
am__fastdepCC_TRUE=''
am__fastdepCXX_FALSE='#'
am__fastdepCXX_TRUE=''
am__include='include'
am__isrc=''
am__leading_dot='.'
am__nodep='_no'
am__quote=''
am__tar='$${TAR-tar} chof - "$$tardir"'
am__untar='$${TAR-tar} xf -'
bindir='${exec_prefix}/bin'
build_alias=''
datadir='${datarootdir}'
datarootdir='${prefix}/share'
docdir='${datarootdir}/doc/${PACKAGE_TARNAME}'
dvidir='${docdir}'
exec_prefix='${prefix}'
host_alias=''
htmldir='${docdir}'
includedir='${prefix}/include'
infodir='${datarootdir}/info'
install_sh='${SHELL} /home/lishu/sceadan/sceadan_v2+auto/src/install-sh'
libdir='${exec_prefix}/lib'
libexecdir='${exec_prefix}/libexec'
localedir='${datarootdir}/locale'
localstatedir='${prefix}/var'
mandir='${datarootdir}/man'
mkdir_p='/bin/mkdir -p'
oldincludedir='/usr/include'
pdfdir='${docdir}'
prefix='/usr/local'
program_transform_name='s,x,x,'
psdir='${docdir}'
sbindir='${exec_prefix}/sbin'
sharedstatedir='${prefix}/com'
sysconfdir='${prefix}/etc'
target_alias=''

## ----------- ##
## confdefs.h. ##
## ----------- ##

/* confdefs.h */
#define PACKAGE_NAME "SCEADAN"
#define PACKAGE_TARNAME "sceadan"
#define PACKAGE_VERSION "1.2.1"
#define PACKAGE_STRING "SCEADAN 1.2.1"
#define PACKAGE_BUGREPORT "bugs@afflib.org"
#define PACKAGE_URL ""
#define PACKAGE "sceadan"
#define VERSION "1.2.1"
#define STDC_HEADERS 1
#define HAVE_SYS_TYPES_H 1
#define HAVE_SYS_STAT_H 1
#define HAVE_STDLIB_H 1
#define HAVE_STRING_H 1
#define HAVE_MEMORY_H 1
#define HAVE_STRINGS_H 1
#define HAVE_INTTYPES_H 1
#define HAVE_STDINT_H 1
#define HAVE_UNISTD_H 1
#define HAVE_UNISTD_H 1
#define HAVE_VASPRINTF 1
#define HAVE_BZLIB_H 1
#define HAVE_LIBBZ2 1
#define HAVE_BZ2_BZCOMPRESSINIT 1
#define HAVE_BZ2_BZCOMPRESS 1
#define HAVE_BZ2_BZCOMPRESSEND 1
#define HAVE_LINEAR_H 1
#define HAVE_LIBLINEAR 1
#define HAVE_LOAD_MODEL 1
#define HAVE_CHECK_PROBABILITY_MODEL 1
#define HAVE_PREDICT_PROBABILITY 1
#define HAVE_PREDICT 1
#define HAVE_MATH_H 1
#define HAVE_LIBM 1
#define HAVE_FMIN 1
#define HAVE_FMAX 1
#define HAVE_LOG 1
#define HAVE_EXP 1
#define HAVE_FABS 1
#define HAVE_SQRT 1
#define HAVE_ZLIB_H 1
#define HAVE_LIBZ 1
#define HAVE_ASSERT_H 1
#define HAVE_FTW_H 1
#define HAVE_STDBOOL_H 1
#define HAVE_STDIO_H 1
#define HAVE_ERRNO_H 1
#define HAVE_CTYPE_H 1
#define HAVE_STDLIB_H 1
#define HAVE_STRING_H 1
#define HAVE_GETOPT_H 1
#define HAVE_LIMITS_H 1
#define HAVE_TIME_H 1
#define HAVE_FCNTL_H 1
#define HAVE_SYS_SELECT_H 1
#define HAVE_SYS_TIME_H 1
#define HAVE_SYS_WAIT_H 1
#define STDC_HEADERS 1
#define HAVE_STRING_H 1

configure: exit 0
